0 info it worked if it ends with ok
<<<<<<< HEAD
1 verbose cli [ '/usr/local/bin/node', '/usr/local/bin/npm', 'run', 'gulp' ]
2 info using npm@4.0.5
3 info using node@v6.9.4
4 verbose run-script [ 'pregulp', 'gulp', 'postgulp' ]
5 info lifecycle dma442@1.0.0~pregulp: dma442@1.0.0
6 silly lifecycle dma442@1.0.0~pregulp: no script for pregulp, continuing
7 info lifecycle dma442@1.0.0~gulp: dma442@1.0.0
8 verbose lifecycle dma442@1.0.0~gulp: unsafe-perm in lifecycle true
9 verbose lifecycle dma442@1.0.0~gulp: PATH: /usr/local/lib/node_modules/npm/bin/node-gyp-bin:/Volumes/THAWSPACE/dma-442/node_modules/.bin:/usr/local/bin:/usr/bin:/bin:/usr/sbin:/sbin
10 verbose lifecycle dma442@1.0.0~gulp: CWD: /Volumes/THAWSPACE/dma-442
11 silly lifecycle dma442@1.0.0~gulp: Args: [ '-c', 'gulp' ]
12 silly lifecycle dma442@1.0.0~gulp: Returned: code: 1  signal: null
13 info lifecycle dma442@1.0.0~gulp: Failed to exec gulp script
14 verbose stack Error: dma442@1.0.0 gulp: `gulp`
14 verbose stack Exit status 1
14 verbose stack     at EventEmitter.<anonymous> (/usr/local/lib/node_modules/npm/lib/utils/lifecycle.js:279:16)
14 verbose stack     at emitTwo (events.js:106:13)
14 verbose stack     at EventEmitter.emit (events.js:191:7)
14 verbose stack     at ChildProcess.<anonymous> (/usr/local/lib/node_modules/npm/lib/utils/spawn.js:40:14)
14 verbose stack     at emitTwo (events.js:106:13)
14 verbose stack     at ChildProcess.emit (events.js:191:7)
14 verbose stack     at maybeClose (internal/child_process.js:877:16)
14 verbose stack     at Process.ChildProcess._handle.onexit (internal/child_process.js:226:5)
15 verbose pkgid dma442@1.0.0
16 verbose cwd /Volumes/THAWSPACE/dma-442
17 error Darwin 14.5.0
18 error argv "/usr/local/bin/node" "/usr/local/bin/npm" "run" "gulp"
19 error node v6.9.4
20 error npm  v4.0.5
21 error code ELIFECYCLE
22 error dma442@1.0.0 gulp: `gulp`
22 error Exit status 1
23 error Failed at the dma442@1.0.0 gulp script 'gulp'.
23 error Make sure you have the latest version of node.js and npm installed.
23 error If you do, this is most likely a problem with the dma442 package,
23 error not with npm itself.
23 error Tell the author that this fails on your system:
23 error     gulp
23 error You can get information on how to open an issue for this project with:
23 error     npm bugs dma442
23 error Or if that isn't available, you can get their info via:
23 error     npm owner ls dma442
23 error There is likely additional logging output above.
24 verbose exit [ 1, true ]
=======
1 verbose cli [ '/usr/local/bin/node', '/usr/local/bin/npm', 'run', 'git' ]
2 info using npm@3.10.10
3 info using node@v6.9.4
4 verbose stack Error: missing script: git
4 verbose stack     at run (/usr/local/lib/node_modules/npm/lib/run-script.js:151:19)
4 verbose stack     at /usr/local/lib/node_modules/npm/lib/run-script.js:61:5
4 verbose stack     at /usr/local/lib/node_modules/npm/node_modules/read-package-json/read-json.js:356:5
4 verbose stack     at checkBinReferences_ (/usr/local/lib/node_modules/npm/node_modules/read-package-json/read-json.js:320:45)
4 verbose stack     at final (/usr/local/lib/node_modules/npm/node_modules/read-package-json/read-json.js:354:3)
4 verbose stack     at then (/usr/local/lib/node_modules/npm/node_modules/read-package-json/read-json.js:124:5)
4 verbose stack     at /usr/local/lib/node_modules/npm/node_modules/read-package-json/read-json.js:311:12
4 verbose stack     at /usr/local/lib/node_modules/npm/node_modules/graceful-fs/graceful-fs.js:78:16
4 verbose stack     at tryToString (fs.js:455:3)
4 verbose stack     at FSReqWrap.readFileAfterClose [as oncomplete] (fs.js:442:12)
5 verbose cwd /Applications/MAMP/htdocs/dma442
6 error Darwin 16.3.0
7 error argv "/usr/local/bin/node" "/usr/local/bin/npm" "run" "git"
8 error node v6.9.4
9 error npm  v3.10.10
10 error missing script: git
11 error If you need help, you may report this error at:
11 error     <https://github.com/npm/npm/issues>
12 verbose exit [ 1, true ]
>>>>>>> origin/master
